<?xml version="1.0" encoding="UTF-8"?>
<!-- Generated by org.testng.reporters.JUnitReportReporter -->
<testsuite skipped="0" hostname="Reenus-MacBook-Pro.local" name="Listners.NewTest" tests="1" failures="0" timestamp="18 Dec 2017 07:18:35 GMT" time="53.684" errors="0">
  <testcase name="LaunchBrowser" time="53.684" classname="Listners.NewTest"/>
</testsuite> <!-- Listners.NewTest -->
