<?xml version="1.0" encoding="UTF-8"?>
<!-- Generated by org.testng.reporters.JUnitReportReporter -->
<testsuite skipped="0" hostname="Reenus-MacBook-Pro.local" name="Listners.DataDriven" tests="3" failures="0" timestamp="18 Dec 2017 07:52:47 GMT" time="120.388" errors="0">
  <testcase name="Login" time="38.408" classname="Listners.DataDriven"/>
  <testcase name="Login" time="42.576" classname="Listners.DataDriven"/>
  <testcase name="Login" time="39.404" classname="Listners.DataDriven"/>
</testsuite> <!-- Listners.DataDriven -->
