<?xml version="1.0" encoding="UTF-8"?>
<!-- Generated by org.testng.reporters.JUnitReportReporter -->
<testsuite skipped="0" hostname="Reenus-MacBook-Pro.local" name="Listners.MouseEvents" tests="1" failures="0" timestamp="12 Feb 2018 19:07:46 GMT" time="11.045" errors="0">
  <testcase name="mouse" time="11.045" classname="Listners.MouseEvents"/>
</testsuite> <!-- Listners.MouseEvents -->
