<?xml version="1.0" encoding="UTF-8"?>
<!-- Generated by org.testng.reporters.JUnitReportReporter -->
<testsuite skipped="0" hostname="Reenus-MacBook-Pro.local" name="ConfigF.Indumati" tests="1" failures="0" timestamp="23 Dec 2017 20:09:16 GMT" time="0.018" errors="0">
  <testcase name="FileInput" time="0.018" classname="ConfigF.Indumati"/>
</testsuite> <!-- ConfigF.Indumati -->
