<?xml version="1.0" encoding="UTF-8"?>
<!-- Generated by org.testng.reporters.JUnitReportReporter -->
<testsuite skipped="0" hostname="Reenus-MacBook-Pro.local" name="Listners.HeightAndWidth" tests="1" failures="0" timestamp="24 Dec 2017 19:38:35 GMT" time="0.034" errors="0">
  <testcase name="Boxes" time="0.034" classname="Listners.HeightAndWidth"/>
</testsuite> <!-- Listners.HeightAndWidth -->
