<?xml version="1.0" encoding="UTF-8"?>
<!-- Generated by org.testng.reporters.JUnitReportReporter -->
<testsuite skipped="0" hostname="Reenus-MacBook-Pro.local" name="NewTest" tests="3" failures="0" timestamp="16 Dec 2017 14:05:17 GMT" time="89.286" errors="0">
  <testcase name="closeBrowser" time="0.022" classname="NewTest"/>
  <testcase name="testNGFrame" time="0.043" classname="NewTest"/>
  <testcase name="LaunchBrowser" time="89.221" classname="NewTest"/>
</testsuite> <!-- NewTest -->
