<?xml version="1.0" encoding="UTF-8"?>
<!-- Generated by org.testng.reporters.JUnitReportReporter -->
<testsuite hostname="Reenus-MBP" name="com.Android.matchstats.Profile" tests="4" failures="0" timestamp="30 Jul 2017 13:17:32 GMT" time="76.760" errors="0">
  <testcase name="banner" time="20.521" classname="com.Android.matchstats.Profile"/>
  <testcase name="OpenApp" time="26.824" classname="com.Android.matchstats.Profile"/>
  <testcase name="clickProfile" time="6.676" classname="com.Android.matchstats.Profile"/>
  <testcase name="Login" time="22.739" classname="com.Android.matchstats.Profile"/>
</testsuite> <!-- com.Android.matchstats.Profile -->
