<?xml version="1.0" encoding="UTF-8"?>
<!-- Generated by org.testng.reporters.JUnitReportReporter -->
<testsuite hostname="Reenus-MBP" name="com.Android.matchstats.Registration" tests="2" failures="0" timestamp="4 Aug 2017 21:15:02 GMT" time="68.811" errors="0">
  <testcase name="OpenApp" time="30.260" classname="com.Android.matchstats.Registration"/>
  <testcase name="Reg" time="38.551" classname="com.Android.matchstats.Registration"/>
</testsuite> <!-- com.Android.matchstats.Registration -->
