<?xml version="1.0" encoding="UTF-8"?>
<!-- Generated by org.testng.reporters.JUnitReportReporter -->
<testsuite hostname="Reenus-MBP" name="com.Android.matchstats.ProfileUpload" tests="2" failures="0" timestamp="3 Aug 2017 20:18:16 GMT" time="55.624" errors="0">
  <testcase name="OpenApp" time="31.541" classname="com.Android.matchstats.ProfileUpload"/>
  <testcase name="ClickUpload" time="24.083" classname="com.Android.matchstats.ProfileUpload"/>
</testsuite> <!-- com.Android.matchstats.ProfileUpload -->
