<?xml version="1.0" encoding="UTF-8"?>
<!-- Generated by org.testng.reporters.JUnitReportReporter -->
<testsuite hostname="Reenus-MBP" name="com.Android.matchstats.BannerUpload" tests="2" failures="0" timestamp="4 Aug 2017 20:14:46 GMT" time="53.179" errors="0">
  <testcase name="OpenApp" time="29.128" classname="com.Android.matchstats.BannerUpload"/>
  <testcase name="ClickUpload" time="24.051" classname="com.Android.matchstats.BannerUpload"/>
</testsuite> <!-- com.Android.matchstats.BannerUpload -->
