<?xml version="1.0" encoding="UTF-8"?>
<!-- Generated by org.testng.reporters.JUnitReportReporter -->
<testsuite hostname="Reenus-MBP" name="com.Android.matchstats.CreateNote" tests="2" failures="0" timestamp="4 Aug 2017 21:17:42 GMT" time="67.655" errors="0">
  <testcase name="OpenApp" time="26.707" classname="com.Android.matchstats.CreateNote"/>
  <testcase name="TheFirstCreate" time="40.948" classname="com.Android.matchstats.CreateNote"/>
</testsuite> <!-- com.Android.matchstats.CreateNote -->
