<?xml version="1.0" encoding="UTF-8"?>
<!-- Generated by org.testng.reporters.JUnitReportReporter -->
<testsuite hostname="Reenus-MBP" name="com.Android.matchstats.LoginHeartyNote" tests="2" failures="0" timestamp="4 Aug 2017 21:15:02 GMT" time="49.394" errors="0">
  <testcase name="Login" time="22.485" classname="com.Android.matchstats.LoginHeartyNote"/>
  <testcase name="OpenApp" time="26.909" classname="com.Android.matchstats.LoginHeartyNote"/>
</testsuite> <!-- com.Android.matchstats.LoginHeartyNote -->
