<?xml version="1.0" encoding="UTF-8"?>
<!-- Generated by org.testng.reporters.JUnitReportReporter -->
<testsuite hostname="Reenus-MBP" name="com.Android.matchstats.SignUp" tests="2" failures="0" timestamp="15 Jul 2017 18:29:23 GMT" time="66.958" errors="0">
  <testcase name="openApp" time="27.473" classname="com.Android.matchstats.SignUp"/>
  <testcase name="Register" time="39.485" classname="com.Android.matchstats.SignUp"/>
</testsuite> <!-- com.Android.matchstats.SignUp -->
