<?xml version="1.0" encoding="UTF-8"?>
<!-- Generated by org.testng.reporters.JUnitReportReporter -->
<testsuite hostname="Reenus-MacBook-Pro.local" name="com.Android.matchstats.SignUp" tests="2" failures="0" timestamp="18 Mar 2018 11:34:07 GMT" time="79.644" errors="0">
  <testcase name="Register" time="42.666" classname="com.Android.matchstats.SignUp"/>
  <testcase name="openApp" time="36.978" classname="com.Android.matchstats.SignUp"/>
</testsuite> <!-- com.Android.matchstats.SignUp -->
