<?xml version="1.0" encoding="UTF-8"?>
<!-- Generated by org.testng.reporters.JUnitReportReporter -->
<testsuite hostname="Reenus-MacBook-Pro.local" name="com.Android.matchstats.MatchScoreVerification" tests="10" failures="0" timestamp="12 Jul 2017 13:39:12 GMT" time="75.125" errors="7">
  <testcase name="EnterBowling" time="14.730" classname="com.Android.matchstats.MatchScoreVerification">
    <error type="org.openqa.selenium.remote.UnreachableBrowserException" message="Error communicating with the remote browser. It may have died.
Build info: version: &#039;2.53.1&#039;, revision: &#039;a36b8b1&#039;, time: &#039;2016-06-30 17:37:03&#039;
System info: host: &#039;Reenus-MacBook-Pro.local&#039;, ip: &#039;192.168.1.83&#039;, os.name: &#039;Mac OS X&#039;, os.arch: &#039;x86_64&#039;, os.version: &#039;10.12&#039;, java.version: &#039;1.8.0_131&#039;
Driver info: driver.version: AndroidDriver
Capabilities [{app=/Users/reenupanwar/Desktop/builds/stagedebug.apk, appPackage=com.pitchvision.stage.debug, networkConnectionEnabled=true, noReset=true, warnings={}, appWaitPackage=com.pitchvision.stage.debug, appWaitActivity=com.pitchvision.android.activities.Splash, databaseEnabled=false, deviceName=SORS9LY54HEA4SFE, platform=LINUX, deviceUDID=SORS9LY54HEA4SFE, appActivity=com.pitchvision.android.activities.Splash, desired={app=/Users/reenupanwar/Desktop/builds/stagedebug.apk, appium-version=1.0, noReset=true, platformVersion=6.0, automationName=Appium, platformName=Android, deviceName=S6}, appium-version=1.0, platformVersion=6.0, webStorageEnabled=false, locationContextEnabled=false, automationName=Appium, takesScreenshot=true, javascriptEnabled=true, platformName=Android}]
Session ID: 0c44a7f2-00d2-4c99-9277-7d6e7fe3498e">
      <![CDATA[org.openqa.selenium.remote.UnreachableBrowserException: Error communicating with the remote browser. It may have died.
Build info: version: '2.53.1', revision: 'a36b8b1', time: '2016-06-30 17:37:03'
System info: host: 'Reenus-MacBook-Pro.local', ip: '192.168.1.83', os.name: 'Mac OS X', os.arch: 'x86_64', os.version: '10.12', java.version: '1.8.0_131'
Driver info: driver.version: AndroidDriver
Capabilities [{app=/Users/reenupanwar/Desktop/builds/stagedebug.apk, appPackage=com.pitchvision.stage.debug, networkConnectionEnabled=true, noReset=true, warnings={}, appWaitPackage=com.pitchvision.stage.debug, appWaitActivity=com.pitchvision.android.activities.Splash, databaseEnabled=false, deviceName=SORS9LY54HEA4SFE, platform=LINUX, deviceUDID=SORS9LY54HEA4SFE, appActivity=com.pitchvision.android.activities.Splash, desired={app=/Users/reenupanwar/Desktop/builds/stagedebug.apk, appium-version=1.0, noReset=true, platformVersion=6.0, automationName=Appium, platformName=Android, deviceName=S6}, appium-version=1.0, platformVersion=6.0, webStorageEnabled=false, locationContextEnabled=false, automationName=Appium, takesScreenshot=true, javascriptEnabled=true, platformName=Android}]
Session ID: 0c44a7f2-00d2-4c99-9277-7d6e7fe3498e
	at org.openqa.selenium.remote.RemoteWebDriver.execute(RemoteWebDriver.java:665)
	at io.appium.java_client.AppiumDriver.execute(AppiumDriver.java:180)
	at org.openqa.selenium.remote.RemoteWebDriver.findElement(RemoteWebDriver.java:363)
	at io.appium.java_client.android.AndroidDriver.findElementByAndroidUIAutomator(AndroidDriver.java:255)
	at io.appium.java_client.android.AndroidDriver.scrollTo(AndroidDriver.java:53)
	at com.Android.matchstats.MatchScoreVerification.EnterBowling(MatchScoreVerification.java:143)
	at sun.reflect.NativeMethodAccessorImpl.invoke0(Native Method)
	at sun.reflect.NativeMethodAccessorImpl.invoke(NativeMethodAccessorImpl.java:62)
	at sun.reflect.DelegatingMethodAccessorImpl.invoke(DelegatingMethodAccessorImpl.java:43)
	at java.lang.reflect.Method.invoke(Method.java:498)
	at org.testng.internal.MethodInvocationHelper.invokeMethod(MethodInvocationHelper.java:85)
	at org.testng.internal.Invoker.invokeMethod(Invoker.java:639)
	at org.testng.internal.Invoker.invokeTestMethod(Invoker.java:816)
	at org.testng.internal.Invoker.invokeTestMethods(Invoker.java:1124)
	at org.testng.internal.TestMethodWorker.invokeTestMethods(TestMethodWorker.java:125)
	at org.testng.internal.TestMethodWorker.run(TestMethodWorker.java:108)
	at org.testng.TestRunner.privateRun(TestRunner.java:774)
	at org.testng.TestRunner.run(TestRunner.java:624)
	at org.testng.SuiteRunner.runTest(SuiteRunner.java:359)
	at org.testng.SuiteRunner.runSequentially(SuiteRunner.java:354)
	at org.testng.SuiteRunner.privateRun(SuiteRunner.java:312)
	at org.testng.SuiteRunner.run(SuiteRunner.java:261)
	at org.testng.SuiteRunnerWorker.runSuite(SuiteRunnerWorker.java:52)
	at org.testng.SuiteRunnerWorker.run(SuiteRunnerWorker.java:86)
	at org.testng.TestNG.runSuitesSequentially(TestNG.java:1215)
	at org.testng.TestNG.runSuitesLocally(TestNG.java:1140)
	at org.testng.TestNG.run(TestNG.java:1048)
	at org.testng.remote.AbstractRemoteTestNG.run(AbstractRemoteTestNG.java:132)
	at org.testng.remote.RemoteTestNG.initAndRun(RemoteTestNG.java:230)
	at org.testng.remote.RemoteTestNG.main(RemoteTestNG.java:76)
Caused by: org.apache.http.conn.HttpHostConnectException: Connect to 127.0.0.1:4723 [/127.0.0.1] failed: Connection refused (Connection refused)
	at org.apache.http.impl.conn.DefaultHttpClientConnectionOperator.connect(DefaultHttpClientConnectionOperator.java:151)
	at org.apache.http.impl.conn.PoolingHttpClientConnectionManager.connect(PoolingHttpClientConnectionManager.java:353)
	at org.apache.http.impl.execchain.MainClientExec.establishRoute(MainClientExec.java:380)
	at org.apache.http.impl.execchain.MainClientExec.execute(MainClientExec.java:236)
	at org.apache.http.impl.execchain.ProtocolExec.execute(ProtocolExec.java:184)
	at org.apache.http.impl.execchain.RetryExec.execute(RetryExec.java:88)
	at org.apache.http.impl.execchain.RedirectExec.execute(RedirectExec.java:110)
	at org.apache.http.impl.client.InternalHttpClient.doExecute(InternalHttpClient.java:184)
	at org.apache.http.impl.client.CloseableHttpClient.execute(CloseableHttpClient.java:71)
	at org.apache.http.impl.client.CloseableHttpClient.execute(CloseableHttpClient.java:55)
	at org.openqa.selenium.remote.internal.ApacheHttpClient.fallBackExecute(ApacheHttpClient.java:162)
	at org.openqa.selenium.remote.internal.ApacheHttpClient.execute(ApacheHttpClient.java:90)
	at org.openqa.selenium.remote.HttpCommandExecutor.execute(HttpCommandExecutor.java:142)
	at org.openqa.selenium.remote.RemoteWebDriver.execute(RemoteWebDriver.java:644)
	... 29 more
Caused by: java.net.ConnectException: Connection refused (Connection refused)
	at java.net.PlainSocketImpl.socketConnect(Native Method)
	at java.net.AbstractPlainSocketImpl.doConnect(AbstractPlainSocketImpl.java:350)
	at java.net.AbstractPlainSocketImpl.connectToAddress(AbstractPlainSocketImpl.java:206)
	at java.net.AbstractPlainSocketImpl.connect(AbstractPlainSocketImpl.java:188)
	at java.net.SocksSocketImpl.connect(SocksSocketImpl.java:392)
	at java.net.Socket.connect(Socket.java:589)
	at org.apache.http.conn.socket.PlainConnectionSocketFactory.connectSocket(PlainConnectionSocketFactory.java:74)
	at org.apache.http.impl.conn.DefaultHttpClientConnectionOperator.connect(DefaultHttpClientConnectionOperator.java:134)
	... 42 more
]]>
    </error>
  </testcase> <!-- EnterBowling -->
  <testcase name="OpenApp" time="26.200" classname="com.Android.matchstats.MatchScoreVerification"/>
  <testcase name="OpenMatchScore" time="9.494" classname="com.Android.matchstats.MatchScoreVerification"/>
  <testcase name="verifyBowingStrikerate" time="0.017" classname="com.Android.matchstats.MatchScoreVerification">
    <error type="org.openqa.selenium.remote.SessionNotFoundException" message="A session is either terminated or not started (WARNING: The server did not provide any stacktrace information)
Command duration or timeout: 11 milliseconds
Build info: version: &#039;2.53.1&#039;, revision: &#039;a36b8b1&#039;, time: &#039;2016-06-30 17:37:03&#039;
System info: host: &#039;Reenus-MacBook-Pro.local&#039;, ip: &#039;192.168.1.83&#039;, os.name: &#039;Mac OS X&#039;, os.arch: &#039;x86_64&#039;, os.version: &#039;10.12&#039;, java.version: &#039;1.8.0_131&#039;
Driver info: io.appium.java_client.android.AndroidDriver
Capabilities [{app=/Users/reenupanwar/Desktop/builds/stagedebug.apk, appPackage=com.pitchvision.stage.debug, networkConnectionEnabled=true, noReset=true, warnings={}, appWaitPackage=com.pitchvision.stage.debug, appWaitActivity=com.pitchvision.android.activities.Splash, databaseEnabled=false, deviceName=SORS9LY54HEA4SFE, platform=LINUX, deviceUDID=SORS9LY54HEA4SFE, appActivity=com.pitchvision.android.activities.Splash, desired={app=/Users/reenupanwar/Desktop/builds/stagedebug.apk, appium-version=1.0, noReset=true, platformVersion=6.0, automationName=Appium, platformName=Android, deviceName=S6}, appium-version=1.0, platformVersion=6.0, webStorageEnabled=false, locationContextEnabled=false, automationName=Appium, takesScreenshot=true, javascriptEnabled=true, platformName=Android}]
Session ID: 0c44a7f2-00d2-4c99-9277-7d6e7fe3498e
*** Element info: {Using=-android uiautomator, value=new UiScrollable(new UiSelector().scrollable(true).instance(0)).scrollIntoView(new UiSelector().descriptionContains(&quot;Strike Rate&quot;).instance(0));new UiScrollable(new UiSelector().scrollable(true).instance(0)).scrollIntoView(new UiSelector().textContains(&quot;Strike Rate&quot;).instance(0));}">
      <![CDATA[org.openqa.selenium.remote.SessionNotFoundException: A session is either terminated or not started (WARNING: The server did not provide any stacktrace information)
Command duration or timeout: 11 milliseconds
Build info: version: '2.53.1', revision: 'a36b8b1', time: '2016-06-30 17:37:03'
System info: host: 'Reenus-MacBook-Pro.local', ip: '192.168.1.83', os.name: 'Mac OS X', os.arch: 'x86_64', os.version: '10.12', java.version: '1.8.0_131'
Driver info: io.appium.java_client.android.AndroidDriver
Capabilities [{app=/Users/reenupanwar/Desktop/builds/stagedebug.apk, appPackage=com.pitchvision.stage.debug, networkConnectionEnabled=true, noReset=true, warnings={}, appWaitPackage=com.pitchvision.stage.debug, appWaitActivity=com.pitchvision.android.activities.Splash, databaseEnabled=false, deviceName=SORS9LY54HEA4SFE, platform=LINUX, deviceUDID=SORS9LY54HEA4SFE, appActivity=com.pitchvision.android.activities.Splash, desired={app=/Users/reenupanwar/Desktop/builds/stagedebug.apk, appium-version=1.0, noReset=true, platformVersion=6.0, automationName=Appium, platformName=Android, deviceName=S6}, appium-version=1.0, platformVersion=6.0, webStorageEnabled=false, locationContextEnabled=false, automationName=Appium, takesScreenshot=true, javascriptEnabled=true, platformName=Android}]
Session ID: 0c44a7f2-00d2-4c99-9277-7d6e7fe3498e
*** Element info: {Using=-android uiautomator, value=new UiScrollable(new UiSelector().scrollable(true).instance(0)).scrollIntoView(new UiSelector().descriptionContains("Strike Rate").instance(0));new UiScrollable(new UiSelector().scrollable(true).instance(0)).scrollIntoView(new UiSelector().textContains("Strike Rate").instance(0));}
	at sun.reflect.NativeConstructorAccessorImpl.newInstance0(Native Method)
	at sun.reflect.NativeConstructorAccessorImpl.newInstance(NativeConstructorAccessorImpl.java:62)
	at sun.reflect.DelegatingConstructorAccessorImpl.newInstance(DelegatingConstructorAccessorImpl.java:45)
	at java.lang.reflect.Constructor.newInstance(Constructor.java:423)
	at org.openqa.selenium.remote.ErrorHandler.createThrowable(ErrorHandler.java:206)
	at org.openqa.selenium.remote.ErrorHandler.throwIfResponseFailed(ErrorHandler.java:158)
	at org.openqa.selenium.remote.RemoteWebDriver.execute(RemoteWebDriver.java:678)
	at io.appium.java_client.AppiumDriver.execute(AppiumDriver.java:180)
	at org.openqa.selenium.remote.RemoteWebDriver.findElement(RemoteWebDriver.java:363)
	at io.appium.java_client.android.AndroidDriver.findElementByAndroidUIAutomator(AndroidDriver.java:255)
	at io.appium.java_client.android.AndroidDriver.scrollTo(AndroidDriver.java:53)
	at com.Android.matchstats.MatchScoreVerification.verifyBowingStrikerate(MatchScoreVerification.java:211)
	at sun.reflect.NativeMethodAccessorImpl.invoke0(Native Method)
	at sun.reflect.NativeMethodAccessorImpl.invoke(NativeMethodAccessorImpl.java:62)
	at sun.reflect.DelegatingMethodAccessorImpl.invoke(DelegatingMethodAccessorImpl.java:43)
	at java.lang.reflect.Method.invoke(Method.java:498)
	at org.testng.internal.MethodInvocationHelper.invokeMethod(MethodInvocationHelper.java:85)
	at org.testng.internal.Invoker.invokeMethod(Invoker.java:639)
	at org.testng.internal.Invoker.invokeTestMethod(Invoker.java:816)
	at org.testng.internal.Invoker.invokeTestMethods(Invoker.java:1124)
	at org.testng.internal.TestMethodWorker.invokeTestMethods(TestMethodWorker.java:125)
	at org.testng.internal.TestMethodWorker.run(TestMethodWorker.java:108)
	at org.testng.TestRunner.privateRun(TestRunner.java:774)
	at org.testng.TestRunner.run(TestRunner.java:624)
	at org.testng.SuiteRunner.runTest(SuiteRunner.java:359)
	at org.testng.SuiteRunner.runSequentially(SuiteRunner.java:354)
	at org.testng.SuiteRunner.privateRun(SuiteRunner.java:312)
	at org.testng.SuiteRunner.run(SuiteRunner.java:261)
	at org.testng.SuiteRunnerWorker.runSuite(SuiteRunnerWorker.java:52)
	at org.testng.SuiteRunnerWorker.run(SuiteRunnerWorker.java:86)
	at org.testng.TestNG.runSuitesSequentially(TestNG.java:1215)
	at org.testng.TestNG.runSuitesLocally(TestNG.java:1140)
	at org.testng.TestNG.run(TestNG.java:1048)
	at org.testng.remote.AbstractRemoteTestNG.run(AbstractRemoteTestNG.java:132)
	at org.testng.remote.RemoteTestNG.initAndRun(RemoteTestNG.java:230)
	at org.testng.remote.RemoteTestNG.main(RemoteTestNG.java:76)
]]>
    </error>
  </testcase> <!-- verifyBowingStrikerate -->
  <testcase name="matchdetails" time="1.131" classname="com.Android.matchstats.MatchScoreVerification">
    <error type="org.openqa.selenium.NoSuchElementException" message="An element could not be located on the page using the given search parameters. (WARNING: The server did not provide any stacktrace information)
Command duration or timeout: 1.12 seconds
For documentation on this error, please visit: http://seleniumhq.org/exceptions/no_such_element.html
Build info: version: &#039;2.53.1&#039;, revision: &#039;a36b8b1&#039;, time: &#039;2016-06-30 17:37:03&#039;
System info: host: &#039;Reenus-MacBook-Pro.local&#039;, ip: &#039;192.168.1.83&#039;, os.name: &#039;Mac OS X&#039;, os.arch: &#039;x86_64&#039;, os.version: &#039;10.12&#039;, java.version: &#039;1.8.0_131&#039;
Driver info: io.appium.java_client.android.AndroidDriver
Capabilities [{app=/Users/reenupanwar/Desktop/builds/stagedebug.apk, appPackage=com.pitchvision.stage.debug, networkConnectionEnabled=true, noReset=true, warnings={}, appWaitPackage=com.pitchvision.stage.debug, appWaitActivity=com.pitchvision.android.activities.Splash, databaseEnabled=false, deviceName=SORS9LY54HEA4SFE, platform=LINUX, deviceUDID=SORS9LY54HEA4SFE, appActivity=com.pitchvision.android.activities.Splash, desired={app=/Users/reenupanwar/Desktop/builds/stagedebug.apk, appium-version=1.0, noReset=true, platformVersion=6.0, automationName=Appium, platformName=Android, deviceName=S6}, appium-version=1.0, platformVersion=6.0, webStorageEnabled=false, locationContextEnabled=false, automationName=Appium, takesScreenshot=true, javascriptEnabled=true, platformName=Android}]
Session ID: 0c44a7f2-00d2-4c99-9277-7d6e7fe3498e
*** Element info: {Using=id, value=team_spinner_tv}">
      <![CDATA[org.openqa.selenium.NoSuchElementException: An element could not be located on the page using the given search parameters. (WARNING: The server did not provide any stacktrace information)
Command duration or timeout: 1.12 seconds
For documentation on this error, please visit: http://seleniumhq.org/exceptions/no_such_element.html
Build info: version: '2.53.1', revision: 'a36b8b1', time: '2016-06-30 17:37:03'
System info: host: 'Reenus-MacBook-Pro.local', ip: '192.168.1.83', os.name: 'Mac OS X', os.arch: 'x86_64', os.version: '10.12', java.version: '1.8.0_131'
Driver info: io.appium.java_client.android.AndroidDriver
Capabilities [{app=/Users/reenupanwar/Desktop/builds/stagedebug.apk, appPackage=com.pitchvision.stage.debug, networkConnectionEnabled=true, noReset=true, warnings={}, appWaitPackage=com.pitchvision.stage.debug, appWaitActivity=com.pitchvision.android.activities.Splash, databaseEnabled=false, deviceName=SORS9LY54HEA4SFE, platform=LINUX, deviceUDID=SORS9LY54HEA4SFE, appActivity=com.pitchvision.android.activities.Splash, desired={app=/Users/reenupanwar/Desktop/builds/stagedebug.apk, appium-version=1.0, noReset=true, platformVersion=6.0, automationName=Appium, platformName=Android, deviceName=S6}, appium-version=1.0, platformVersion=6.0, webStorageEnabled=false, locationContextEnabled=false, automationName=Appium, takesScreenshot=true, javascriptEnabled=true, platformName=Android}]
Session ID: 0c44a7f2-00d2-4c99-9277-7d6e7fe3498e
*** Element info: {Using=id, value=team_spinner_tv}
	at sun.reflect.NativeConstructorAccessorImpl.newInstance0(Native Method)
	at sun.reflect.NativeConstructorAccessorImpl.newInstance(NativeConstructorAccessorImpl.java:62)
	at sun.reflect.DelegatingConstructorAccessorImpl.newInstance(DelegatingConstructorAccessorImpl.java:45)
	at java.lang.reflect.Constructor.newInstance(Constructor.java:423)
	at org.openqa.selenium.remote.ErrorHandler.createThrowable(ErrorHandler.java:206)
	at org.openqa.selenium.remote.ErrorHandler.throwIfResponseFailed(ErrorHandler.java:158)
	at org.openqa.selenium.remote.RemoteWebDriver.execute(RemoteWebDriver.java:678)
	at io.appium.java_client.AppiumDriver.execute(AppiumDriver.java:180)
	at org.openqa.selenium.remote.RemoteWebDriver.findElement(RemoteWebDriver.java:363)
	at org.openqa.selenium.remote.RemoteWebDriver.findElementById(RemoteWebDriver.java:413)
	at org.openqa.selenium.By$ById.findElement(By.java:218)
	at org.openqa.selenium.remote.RemoteWebDriver.findElement(RemoteWebDriver.java:355)
	at com.Android.matchstats.MatchScoreVerification.matchdetails(MatchScoreVerification.java:72)
	at sun.reflect.NativeMethodAccessorImpl.invoke0(Native Method)
	at sun.reflect.NativeMethodAccessorImpl.invoke(NativeMethodAccessorImpl.java:62)
	at sun.reflect.DelegatingMethodAccessorImpl.invoke(DelegatingMethodAccessorImpl.java:43)
	at java.lang.reflect.Method.invoke(Method.java:498)
	at org.testng.internal.MethodInvocationHelper.invokeMethod(MethodInvocationHelper.java:85)
	at org.testng.internal.Invoker.invokeMethod(Invoker.java:639)
	at org.testng.internal.Invoker.invokeTestMethod(Invoker.java:816)
	at org.testng.internal.Invoker.invokeTestMethods(Invoker.java:1124)
	at org.testng.internal.TestMethodWorker.invokeTestMethods(TestMethodWorker.java:125)
	at org.testng.internal.TestMethodWorker.run(TestMethodWorker.java:108)
	at org.testng.TestRunner.privateRun(TestRunner.java:774)
	at org.testng.TestRunner.run(TestRunner.java:624)
	at org.testng.SuiteRunner.runTest(SuiteRunner.java:359)
	at org.testng.SuiteRunner.runSequentially(SuiteRunner.java:354)
	at org.testng.SuiteRunner.privateRun(SuiteRunner.java:312)
	at org.testng.SuiteRunner.run(SuiteRunner.java:261)
	at org.testng.SuiteRunnerWorker.runSuite(SuiteRunnerWorker.java:52)
	at org.testng.SuiteRunnerWorker.run(SuiteRunnerWorker.java:86)
	at org.testng.TestNG.runSuitesSequentially(TestNG.java:1215)
	at org.testng.TestNG.runSuitesLocally(TestNG.java:1140)
	at org.testng.TestNG.run(TestNG.java:1048)
	at org.testng.remote.AbstractRemoteTestNG.run(AbstractRemoteTestNG.java:132)
	at org.testng.remote.RemoteTestNG.initAndRun(RemoteTestNG.java:230)
	at org.testng.remote.RemoteTestNG.main(RemoteTestNG.java:76)
]]>
    </error>
  </testcase> <!-- matchdetails -->
  <testcase name="EnterFieding" time="0.036" classname="com.Android.matchstats.MatchScoreVerification">
    <error type="org.openqa.selenium.remote.SessionNotFoundException" message="A session is either terminated or not started (WARNING: The server did not provide any stacktrace information)
Command duration or timeout: 34 milliseconds
Build info: version: &#039;2.53.1&#039;, revision: &#039;a36b8b1&#039;, time: &#039;2016-06-30 17:37:03&#039;
System info: host: &#039;Reenus-MacBook-Pro.local&#039;, ip: &#039;192.168.1.83&#039;, os.name: &#039;Mac OS X&#039;, os.arch: &#039;x86_64&#039;, os.version: &#039;10.12&#039;, java.version: &#039;1.8.0_131&#039;
Driver info: io.appium.java_client.android.AndroidDriver
Capabilities [{app=/Users/reenupanwar/Desktop/builds/stagedebug.apk, appPackage=com.pitchvision.stage.debug, networkConnectionEnabled=true, noReset=true, warnings={}, appWaitPackage=com.pitchvision.stage.debug, appWaitActivity=com.pitchvision.android.activities.Splash, databaseEnabled=false, deviceName=SORS9LY54HEA4SFE, platform=LINUX, deviceUDID=SORS9LY54HEA4SFE, appActivity=com.pitchvision.android.activities.Splash, desired={app=/Users/reenupanwar/Desktop/builds/stagedebug.apk, appium-version=1.0, noReset=true, platformVersion=6.0, automationName=Appium, platformName=Android, deviceName=S6}, appium-version=1.0, platformVersion=6.0, webStorageEnabled=false, locationContextEnabled=false, automationName=Appium, takesScreenshot=true, javascriptEnabled=true, platformName=Android}]
Session ID: 0c44a7f2-00d2-4c99-9277-7d6e7fe3498e">
      <![CDATA[org.openqa.selenium.remote.SessionNotFoundException: A session is either terminated or not started (WARNING: The server did not provide any stacktrace information)
Command duration or timeout: 34 milliseconds
Build info: version: '2.53.1', revision: 'a36b8b1', time: '2016-06-30 17:37:03'
System info: host: 'Reenus-MacBook-Pro.local', ip: '192.168.1.83', os.name: 'Mac OS X', os.arch: 'x86_64', os.version: '10.12', java.version: '1.8.0_131'
Driver info: io.appium.java_client.android.AndroidDriver
Capabilities [{app=/Users/reenupanwar/Desktop/builds/stagedebug.apk, appPackage=com.pitchvision.stage.debug, networkConnectionEnabled=true, noReset=true, warnings={}, appWaitPackage=com.pitchvision.stage.debug, appWaitActivity=com.pitchvision.android.activities.Splash, databaseEnabled=false, deviceName=SORS9LY54HEA4SFE, platform=LINUX, deviceUDID=SORS9LY54HEA4SFE, appActivity=com.pitchvision.android.activities.Splash, desired={app=/Users/reenupanwar/Desktop/builds/stagedebug.apk, appium-version=1.0, noReset=true, platformVersion=6.0, automationName=Appium, platformName=Android, deviceName=S6}, appium-version=1.0, platformVersion=6.0, webStorageEnabled=false, locationContextEnabled=false, automationName=Appium, takesScreenshot=true, javascriptEnabled=true, platformName=Android}]
Session ID: 0c44a7f2-00d2-4c99-9277-7d6e7fe3498e
	at sun.reflect.NativeConstructorAccessorImpl.newInstance0(Native Method)
	at sun.reflect.NativeConstructorAccessorImpl.newInstance(NativeConstructorAccessorImpl.java:62)
	at sun.reflect.DelegatingConstructorAccessorImpl.newInstance(DelegatingConstructorAccessorImpl.java:45)
	at java.lang.reflect.Constructor.newInstance(Constructor.java:423)
	at org.openqa.selenium.remote.ErrorHandler.createThrowable(ErrorHandler.java:206)
	at org.openqa.selenium.remote.ErrorHandler.throwIfResponseFailed(ErrorHandler.java:158)
	at org.openqa.selenium.remote.RemoteWebDriver.execute(RemoteWebDriver.java:678)
	at io.appium.java_client.AppiumDriver.execute(AppiumDriver.java:180)
	at io.appium.java_client.AppiumDriver.execute(AppiumDriver.java:185)
	at io.appium.java_client.AppiumDriver.hideKeyboard(AppiumDriver.java:257)
	at com.Android.matchstats.MatchScoreVerification.EnterFieding(MatchScoreVerification.java:175)
	at sun.reflect.NativeMethodAccessorImpl.invoke0(Native Method)
	at sun.reflect.NativeMethodAccessorImpl.invoke(NativeMethodAccessorImpl.java:62)
	at sun.reflect.DelegatingMethodAccessorImpl.invoke(DelegatingMethodAccessorImpl.java:43)
	at java.lang.reflect.Method.invoke(Method.java:498)
	at org.testng.internal.MethodInvocationHelper.invokeMethod(MethodInvocationHelper.java:85)
	at org.testng.internal.Invoker.invokeMethod(Invoker.java:639)
	at org.testng.internal.Invoker.invokeTestMethod(Invoker.java:816)
	at org.testng.internal.Invoker.invokeTestMethods(Invoker.java:1124)
	at org.testng.internal.TestMethodWorker.invokeTestMethods(TestMethodWorker.java:125)
	at org.testng.internal.TestMethodWorker.run(TestMethodWorker.java:108)
	at org.testng.TestRunner.privateRun(TestRunner.java:774)
	at org.testng.TestRunner.run(TestRunner.java:624)
	at org.testng.SuiteRunner.runTest(SuiteRunner.java:359)
	at org.testng.SuiteRunner.runSequentially(SuiteRunner.java:354)
	at org.testng.SuiteRunner.privateRun(SuiteRunner.java:312)
	at org.testng.SuiteRunner.run(SuiteRunner.java:261)
	at org.testng.SuiteRunnerWorker.runSuite(SuiteRunnerWorker.java:52)
	at org.testng.SuiteRunnerWorker.run(SuiteRunnerWorker.java:86)
	at org.testng.TestNG.runSuitesSequentially(TestNG.java:1215)
	at org.testng.TestNG.runSuitesLocally(TestNG.java:1140)
	at org.testng.TestNG.run(TestNG.java:1048)
	at org.testng.remote.AbstractRemoteTestNG.run(AbstractRemoteTestNG.java:132)
	at org.testng.remote.RemoteTestNG.initAndRun(RemoteTestNG.java:230)
	at org.testng.remote.RemoteTestNG.main(RemoteTestNG.java:76)
]]>
    </error>
  </testcase> <!-- EnterFieding -->
  <testcase name="verifyBowlingEconomy" time="0.011" classname="com.Android.matchstats.MatchScoreVerification">
    <error type="org.openqa.selenium.remote.SessionNotFoundException" message="A session is either terminated or not started (WARNING: The server did not provide any stacktrace information)
Command duration or timeout: 10 milliseconds
Build info: version: &#039;2.53.1&#039;, revision: &#039;a36b8b1&#039;, time: &#039;2016-06-30 17:37:03&#039;
System info: host: &#039;Reenus-MacBook-Pro.local&#039;, ip: &#039;192.168.1.83&#039;, os.name: &#039;Mac OS X&#039;, os.arch: &#039;x86_64&#039;, os.version: &#039;10.12&#039;, java.version: &#039;1.8.0_131&#039;
Driver info: io.appium.java_client.android.AndroidDriver
Capabilities [{app=/Users/reenupanwar/Desktop/builds/stagedebug.apk, appPackage=com.pitchvision.stage.debug, networkConnectionEnabled=true, noReset=true, warnings={}, appWaitPackage=com.pitchvision.stage.debug, appWaitActivity=com.pitchvision.android.activities.Splash, databaseEnabled=false, deviceName=SORS9LY54HEA4SFE, platform=LINUX, deviceUDID=SORS9LY54HEA4SFE, appActivity=com.pitchvision.android.activities.Splash, desired={app=/Users/reenupanwar/Desktop/builds/stagedebug.apk, appium-version=1.0, noReset=true, platformVersion=6.0, automationName=Appium, platformName=Android, deviceName=S6}, appium-version=1.0, platformVersion=6.0, webStorageEnabled=false, locationContextEnabled=false, automationName=Appium, takesScreenshot=true, javascriptEnabled=true, platformName=Android}]
Session ID: 0c44a7f2-00d2-4c99-9277-7d6e7fe3498e
*** Element info: {Using=id, value=id_econ_text}">
      <![CDATA[org.openqa.selenium.remote.SessionNotFoundException: A session is either terminated or not started (WARNING: The server did not provide any stacktrace information)
Command duration or timeout: 10 milliseconds
Build info: version: '2.53.1', revision: 'a36b8b1', time: '2016-06-30 17:37:03'
System info: host: 'Reenus-MacBook-Pro.local', ip: '192.168.1.83', os.name: 'Mac OS X', os.arch: 'x86_64', os.version: '10.12', java.version: '1.8.0_131'
Driver info: io.appium.java_client.android.AndroidDriver
Capabilities [{app=/Users/reenupanwar/Desktop/builds/stagedebug.apk, appPackage=com.pitchvision.stage.debug, networkConnectionEnabled=true, noReset=true, warnings={}, appWaitPackage=com.pitchvision.stage.debug, appWaitActivity=com.pitchvision.android.activities.Splash, databaseEnabled=false, deviceName=SORS9LY54HEA4SFE, platform=LINUX, deviceUDID=SORS9LY54HEA4SFE, appActivity=com.pitchvision.android.activities.Splash, desired={app=/Users/reenupanwar/Desktop/builds/stagedebug.apk, appium-version=1.0, noReset=true, platformVersion=6.0, automationName=Appium, platformName=Android, deviceName=S6}, appium-version=1.0, platformVersion=6.0, webStorageEnabled=false, locationContextEnabled=false, automationName=Appium, takesScreenshot=true, javascriptEnabled=true, platformName=Android}]
Session ID: 0c44a7f2-00d2-4c99-9277-7d6e7fe3498e
*** Element info: {Using=id, value=id_econ_text}
	at sun.reflect.NativeConstructorAccessorImpl.newInstance0(Native Method)
	at sun.reflect.NativeConstructorAccessorImpl.newInstance(NativeConstructorAccessorImpl.java:62)
	at sun.reflect.DelegatingConstructorAccessorImpl.newInstance(DelegatingConstructorAccessorImpl.java:45)
	at java.lang.reflect.Constructor.newInstance(Constructor.java:423)
	at org.openqa.selenium.remote.ErrorHandler.createThrowable(ErrorHandler.java:206)
	at org.openqa.selenium.remote.ErrorHandler.throwIfResponseFailed(ErrorHandler.java:158)
	at org.openqa.selenium.remote.RemoteWebDriver.execute(RemoteWebDriver.java:678)
	at io.appium.java_client.AppiumDriver.execute(AppiumDriver.java:180)
	at org.openqa.selenium.remote.RemoteWebDriver.findElement(RemoteWebDriver.java:363)
	at org.openqa.selenium.remote.RemoteWebDriver.findElementById(RemoteWebDriver.java:413)
	at org.openqa.selenium.By$ById.findElement(By.java:218)
	at org.openqa.selenium.remote.RemoteWebDriver.findElement(RemoteWebDriver.java:355)
	at com.Android.matchstats.MatchScoreVerification.verifyBowlingEconomy(MatchScoreVerification.java:228)
	at sun.reflect.NativeMethodAccessorImpl.invoke0(Native Method)
	at sun.reflect.NativeMethodAccessorImpl.invoke(NativeMethodAccessorImpl.java:62)
	at sun.reflect.DelegatingMethodAccessorImpl.invoke(DelegatingMethodAccessorImpl.java:43)
	at java.lang.reflect.Method.invoke(Method.java:498)
	at org.testng.internal.MethodInvocationHelper.invokeMethod(MethodInvocationHelper.java:85)
	at org.testng.internal.Invoker.invokeMethod(Invoker.java:639)
	at org.testng.internal.Invoker.invokeTestMethod(Invoker.java:816)
	at org.testng.internal.Invoker.invokeTestMethods(Invoker.java:1124)
	at org.testng.internal.TestMethodWorker.invokeTestMethods(TestMethodWorker.java:125)
	at org.testng.internal.TestMethodWorker.run(TestMethodWorker.java:108)
	at org.testng.TestRunner.privateRun(TestRunner.java:774)
	at org.testng.TestRunner.run(TestRunner.java:624)
	at org.testng.SuiteRunner.runTest(SuiteRunner.java:359)
	at org.testng.SuiteRunner.runSequentially(SuiteRunner.java:354)
	at org.testng.SuiteRunner.privateRun(SuiteRunner.java:312)
	at org.testng.SuiteRunner.run(SuiteRunner.java:261)
	at org.testng.SuiteRunnerWorker.runSuite(SuiteRunnerWorker.java:52)
	at org.testng.SuiteRunnerWorker.run(SuiteRunnerWorker.java:86)
	at org.testng.TestNG.runSuitesSequentially(TestNG.java:1215)
	at org.testng.TestNG.runSuitesLocally(TestNG.java:1140)
	at org.testng.TestNG.run(TestNG.java:1048)
	at org.testng.remote.AbstractRemoteTestNG.run(AbstractRemoteTestNG.java:132)
	at org.testng.remote.RemoteTestNG.initAndRun(RemoteTestNG.java:230)
	at org.testng.remote.RemoteTestNG.main(RemoteTestNG.java:76)
]]>
    </error>
  </testcase> <!-- verifyBowlingEconomy -->
  <testcase name="EnterBatting" time="0.444" classname="com.Android.matchstats.MatchScoreVerification">
    <error type="org.openqa.selenium.NoSuchElementException" message="An element could not be located on the page using the given search parameters. (WARNING: The server did not provide any stacktrace information)
Command duration or timeout: 443 milliseconds
For documentation on this error, please visit: http://seleniumhq.org/exceptions/no_such_element.html
Build info: version: &#039;2.53.1&#039;, revision: &#039;a36b8b1&#039;, time: &#039;2016-06-30 17:37:03&#039;
System info: host: &#039;Reenus-MacBook-Pro.local&#039;, ip: &#039;192.168.1.83&#039;, os.name: &#039;Mac OS X&#039;, os.arch: &#039;x86_64&#039;, os.version: &#039;10.12&#039;, java.version: &#039;1.8.0_131&#039;
Driver info: io.appium.java_client.android.AndroidDriver
Capabilities [{app=/Users/reenupanwar/Desktop/builds/stagedebug.apk, appPackage=com.pitchvision.stage.debug, networkConnectionEnabled=true, noReset=true, warnings={}, appWaitPackage=com.pitchvision.stage.debug, appWaitActivity=com.pitchvision.android.activities.Splash, databaseEnabled=false, deviceName=SORS9LY54HEA4SFE, platform=LINUX, deviceUDID=SORS9LY54HEA4SFE, appActivity=com.pitchvision.android.activities.Splash, desired={app=/Users/reenupanwar/Desktop/builds/stagedebug.apk, appium-version=1.0, noReset=true, platformVersion=6.0, automationName=Appium, platformName=Android, deviceName=S6}, appium-version=1.0, platformVersion=6.0, webStorageEnabled=false, locationContextEnabled=false, automationName=Appium, takesScreenshot=true, javascriptEnabled=true, platformName=Android}]
Session ID: 0c44a7f2-00d2-4c99-9277-7d6e7fe3498e
*** Element info: {Using=id, value=id_batting_pos}">
      <![CDATA[org.openqa.selenium.NoSuchElementException: An element could not be located on the page using the given search parameters. (WARNING: The server did not provide any stacktrace information)
Command duration or timeout: 443 milliseconds
For documentation on this error, please visit: http://seleniumhq.org/exceptions/no_such_element.html
Build info: version: '2.53.1', revision: 'a36b8b1', time: '2016-06-30 17:37:03'
System info: host: 'Reenus-MacBook-Pro.local', ip: '192.168.1.83', os.name: 'Mac OS X', os.arch: 'x86_64', os.version: '10.12', java.version: '1.8.0_131'
Driver info: io.appium.java_client.android.AndroidDriver
Capabilities [{app=/Users/reenupanwar/Desktop/builds/stagedebug.apk, appPackage=com.pitchvision.stage.debug, networkConnectionEnabled=true, noReset=true, warnings={}, appWaitPackage=com.pitchvision.stage.debug, appWaitActivity=com.pitchvision.android.activities.Splash, databaseEnabled=false, deviceName=SORS9LY54HEA4SFE, platform=LINUX, deviceUDID=SORS9LY54HEA4SFE, appActivity=com.pitchvision.android.activities.Splash, desired={app=/Users/reenupanwar/Desktop/builds/stagedebug.apk, appium-version=1.0, noReset=true, platformVersion=6.0, automationName=Appium, platformName=Android, deviceName=S6}, appium-version=1.0, platformVersion=6.0, webStorageEnabled=false, locationContextEnabled=false, automationName=Appium, takesScreenshot=true, javascriptEnabled=true, platformName=Android}]
Session ID: 0c44a7f2-00d2-4c99-9277-7d6e7fe3498e
*** Element info: {Using=id, value=id_batting_pos}
	at sun.reflect.NativeConstructorAccessorImpl.newInstance0(Native Method)
	at sun.reflect.NativeConstructorAccessorImpl.newInstance(NativeConstructorAccessorImpl.java:62)
	at sun.reflect.DelegatingConstructorAccessorImpl.newInstance(DelegatingConstructorAccessorImpl.java:45)
	at java.lang.reflect.Constructor.newInstance(Constructor.java:423)
	at org.openqa.selenium.remote.ErrorHandler.createThrowable(ErrorHandler.java:206)
	at org.openqa.selenium.remote.ErrorHandler.throwIfResponseFailed(ErrorHandler.java:158)
	at org.openqa.selenium.remote.RemoteWebDriver.execute(RemoteWebDriver.java:678)
	at io.appium.java_client.AppiumDriver.execute(AppiumDriver.java:180)
	at org.openqa.selenium.remote.RemoteWebDriver.findElement(RemoteWebDriver.java:363)
	at org.openqa.selenium.remote.RemoteWebDriver.findElementById(RemoteWebDriver.java:413)
	at org.openqa.selenium.By$ById.findElement(By.java:218)
	at org.openqa.selenium.remote.RemoteWebDriver.findElement(RemoteWebDriver.java:355)
	at com.Android.matchstats.MatchScoreVerification.EnterBatting(MatchScoreVerification.java:125)
	at sun.reflect.NativeMethodAccessorImpl.invoke0(Native Method)
	at sun.reflect.NativeMethodAccessorImpl.invoke(NativeMethodAccessorImpl.java:62)
	at sun.reflect.DelegatingMethodAccessorImpl.invoke(DelegatingMethodAccessorImpl.java:43)
	at java.lang.reflect.Method.invoke(Method.java:498)
	at org.testng.internal.MethodInvocationHelper.invokeMethod(MethodInvocationHelper.java:85)
	at org.testng.internal.Invoker.invokeMethod(Invoker.java:639)
	at org.testng.internal.Invoker.invokeTestMethod(Invoker.java:816)
	at org.testng.internal.Invoker.invokeTestMethods(Invoker.java:1124)
	at org.testng.internal.TestMethodWorker.invokeTestMethods(TestMethodWorker.java:125)
	at org.testng.internal.TestMethodWorker.run(TestMethodWorker.java:108)
	at org.testng.TestRunner.privateRun(TestRunner.java:774)
	at org.testng.TestRunner.run(TestRunner.java:624)
	at org.testng.SuiteRunner.runTest(SuiteRunner.java:359)
	at org.testng.SuiteRunner.runSequentially(SuiteRunner.java:354)
	at org.testng.SuiteRunner.privateRun(SuiteRunner.java:312)
	at org.testng.SuiteRunner.run(SuiteRunner.java:261)
	at org.testng.SuiteRunnerWorker.runSuite(SuiteRunnerWorker.java:52)
	at org.testng.SuiteRunnerWorker.run(SuiteRunnerWorker.java:86)
	at org.testng.TestNG.runSuitesSequentially(TestNG.java:1215)
	at org.testng.TestNG.runSuitesLocally(TestNG.java:1140)
	at org.testng.TestNG.run(TestNG.java:1048)
	at org.testng.remote.AbstractRemoteTestNG.run(AbstractRemoteTestNG.java:132)
	at org.testng.remote.RemoteTestNG.initAndRun(RemoteTestNG.java:230)
	at org.testng.remote.RemoteTestNG.main(RemoteTestNG.java:76)
]]>
    </error>
  </testcase> <!-- EnterBatting -->
  <testcase name="LoginApp" time="23.050" classname="com.Android.matchstats.MatchScoreVerification"/>
  <testcase name="verifyBattingStrickerate" time="0.012" classname="com.Android.matchstats.MatchScoreVerification">
    <error type="org.openqa.selenium.remote.SessionNotFoundException" message="A session is either terminated or not started (WARNING: The server did not provide any stacktrace information)
Command duration or timeout: 9 milliseconds
Build info: version: &#039;2.53.1&#039;, revision: &#039;a36b8b1&#039;, time: &#039;2016-06-30 17:37:03&#039;
System info: host: &#039;Reenus-MacBook-Pro.local&#039;, ip: &#039;192.168.1.83&#039;, os.name: &#039;Mac OS X&#039;, os.arch: &#039;x86_64&#039;, os.version: &#039;10.12&#039;, java.version: &#039;1.8.0_131&#039;
Driver info: io.appium.java_client.android.AndroidDriver
Capabilities [{app=/Users/reenupanwar/Desktop/builds/stagedebug.apk, appPackage=com.pitchvision.stage.debug, networkConnectionEnabled=true, noReset=true, warnings={}, appWaitPackage=com.pitchvision.stage.debug, appWaitActivity=com.pitchvision.android.activities.Splash, databaseEnabled=false, deviceName=SORS9LY54HEA4SFE, platform=LINUX, deviceUDID=SORS9LY54HEA4SFE, appActivity=com.pitchvision.android.activities.Splash, desired={app=/Users/reenupanwar/Desktop/builds/stagedebug.apk, appium-version=1.0, noReset=true, platformVersion=6.0, automationName=Appium, platformName=Android, deviceName=S6}, appium-version=1.0, platformVersion=6.0, webStorageEnabled=false, locationContextEnabled=false, automationName=Appium, takesScreenshot=true, javascriptEnabled=true, platformName=Android}]
Session ID: 0c44a7f2-00d2-4c99-9277-7d6e7fe3498e
*** Element info: {Using=xpath, value=//android.widget.RelativeLayout[@index=&#039;0&#039;]}">
      <![CDATA[org.openqa.selenium.remote.SessionNotFoundException: A session is either terminated or not started (WARNING: The server did not provide any stacktrace information)
Command duration or timeout: 9 milliseconds
Build info: version: '2.53.1', revision: 'a36b8b1', time: '2016-06-30 17:37:03'
System info: host: 'Reenus-MacBook-Pro.local', ip: '192.168.1.83', os.name: 'Mac OS X', os.arch: 'x86_64', os.version: '10.12', java.version: '1.8.0_131'
Driver info: io.appium.java_client.android.AndroidDriver
Capabilities [{app=/Users/reenupanwar/Desktop/builds/stagedebug.apk, appPackage=com.pitchvision.stage.debug, networkConnectionEnabled=true, noReset=true, warnings={}, appWaitPackage=com.pitchvision.stage.debug, appWaitActivity=com.pitchvision.android.activities.Splash, databaseEnabled=false, deviceName=SORS9LY54HEA4SFE, platform=LINUX, deviceUDID=SORS9LY54HEA4SFE, appActivity=com.pitchvision.android.activities.Splash, desired={app=/Users/reenupanwar/Desktop/builds/stagedebug.apk, appium-version=1.0, noReset=true, platformVersion=6.0, automationName=Appium, platformName=Android, deviceName=S6}, appium-version=1.0, platformVersion=6.0, webStorageEnabled=false, locationContextEnabled=false, automationName=Appium, takesScreenshot=true, javascriptEnabled=true, platformName=Android}]
Session ID: 0c44a7f2-00d2-4c99-9277-7d6e7fe3498e
*** Element info: {Using=xpath, value=//android.widget.RelativeLayout[@index='0']}
	at sun.reflect.NativeConstructorAccessorImpl.newInstance0(Native Method)
	at sun.reflect.NativeConstructorAccessorImpl.newInstance(NativeConstructorAccessorImpl.java:62)
	at sun.reflect.DelegatingConstructorAccessorImpl.newInstance(DelegatingConstructorAccessorImpl.java:45)
	at java.lang.reflect.Constructor.newInstance(Constructor.java:423)
	at org.openqa.selenium.remote.ErrorHandler.createThrowable(ErrorHandler.java:206)
	at org.openqa.selenium.remote.ErrorHandler.throwIfResponseFailed(ErrorHandler.java:158)
	at org.openqa.selenium.remote.RemoteWebDriver.execute(RemoteWebDriver.java:678)
	at io.appium.java_client.AppiumDriver.execute(AppiumDriver.java:180)
	at org.openqa.selenium.remote.RemoteWebDriver.findElement(RemoteWebDriver.java:363)
	at org.openqa.selenium.remote.RemoteWebDriver.findElementByXPath(RemoteWebDriver.java:500)
	at org.openqa.selenium.By$ByXPath.findElement(By.java:361)
	at org.openqa.selenium.remote.RemoteWebDriver.findElement(RemoteWebDriver.java:355)
	at com.Android.matchstats.MatchScoreVerification.verifyBattingStrickerate(MatchScoreVerification.java:193)
	at sun.reflect.NativeMethodAccessorImpl.invoke0(Native Method)
	at sun.reflect.NativeMethodAccessorImpl.invoke(NativeMethodAccessorImpl.java:62)
	at sun.reflect.DelegatingMethodAccessorImpl.invoke(DelegatingMethodAccessorImpl.java:43)
	at java.lang.reflect.Method.invoke(Method.java:498)
	at org.testng.internal.MethodInvocationHelper.invokeMethod(MethodInvocationHelper.java:85)
	at org.testng.internal.Invoker.invokeMethod(Invoker.java:639)
	at org.testng.internal.Invoker.invokeTestMethod(Invoker.java:816)
	at org.testng.internal.Invoker.invokeTestMethods(Invoker.java:1124)
	at org.testng.internal.TestMethodWorker.invokeTestMethods(TestMethodWorker.java:125)
	at org.testng.internal.TestMethodWorker.run(TestMethodWorker.java:108)
	at org.testng.TestRunner.privateRun(TestRunner.java:774)
	at org.testng.TestRunner.run(TestRunner.java:624)
	at org.testng.SuiteRunner.runTest(SuiteRunner.java:359)
	at org.testng.SuiteRunner.runSequentially(SuiteRunner.java:354)
	at org.testng.SuiteRunner.privateRun(SuiteRunner.java:312)
	at org.testng.SuiteRunner.run(SuiteRunner.java:261)
	at org.testng.SuiteRunnerWorker.runSuite(SuiteRunnerWorker.java:52)
	at org.testng.SuiteRunnerWorker.run(SuiteRunnerWorker.java:86)
	at org.testng.TestNG.runSuitesSequentially(TestNG.java:1215)
	at org.testng.TestNG.runSuitesLocally(TestNG.java:1140)
	at org.testng.TestNG.run(TestNG.java:1048)
	at org.testng.remote.AbstractRemoteTestNG.run(AbstractRemoteTestNG.java:132)
	at org.testng.remote.RemoteTestNG.initAndRun(RemoteTestNG.java:230)
	at org.testng.remote.RemoteTestNG.main(RemoteTestNG.java:76)
]]>
    </error>
  </testcase> <!-- verifyBattingStrickerate -->
</testsuite> <!-- com.Android.matchstats.MatchScoreVerification -->
