<?xml version="1.0" encoding="UTF-8"?>
<!-- Generated by org.testng.reporters.JUnitReportReporter -->
<testsuite hostname="Reenus-MBP" name="com.Android.matchstats.AddPost" tests="3" failures="0" timestamp="12 Jul 2017 16:35:06 GMT" time="62.580" errors="0">
  <testcase name="OpenApp" time="26.034" classname="com.Android.matchstats.AddPost"/>
  <testcase name="AddPost" time="20.589" classname="com.Android.matchstats.AddPost"/>
  <testcase name="Verifypost" time="15.957" classname="com.Android.matchstats.AddPost"/>
</testsuite> <!-- com.Android.matchstats.AddPost -->
