<?xml version="1.0" encoding="UTF-8"?>
<!-- Generated by org.testng.reporters.JUnitReportReporter -->
<testsuite hostname="Reenus-MBP" name="com.Android.matchstats.AddPost" tests="6" failures="0" timestamp="12 Jul 2017 17:12:56 GMT" time="69.971" errors="0">
  <testcase name="OpenApp" time="26.780" classname="com.Android.matchstats.AddPost"/>
  <testcase name="comment" time="7.980" classname="com.Android.matchstats.AddPost"/>
  <testcase name="AddPost" time="19.524" classname="com.Android.matchstats.AddPost"/>
  <testcase name="Verifypost" time="11.171" classname="com.Android.matchstats.AddPost"/>
  <testcase name="sharepost" time="2.515" classname="com.Android.matchstats.AddPost"/>
  <testcase name="likepost" time="2.001" classname="com.Android.matchstats.AddPost"/>
</testsuite> <!-- com.Android.matchstats.AddPost -->
