<?xml version="1.0" encoding="UTF-8"?>
<!-- Generated by org.testng.reporters.JUnitReportReporter -->
<testsuite hostname="Reenus-MacBook-Pro.local" name="sriOne.testone" tests="1" failures="0" timestamp="15 Dec 2017 02:13:48 GMT" time="7.230" errors="0">
  <testcase name="login" time="7.230" classname="sriOne.testone"/>
</testsuite> <!-- sriOne.testone -->
