<?xml version="1.0" encoding="UTF-8"?>
<!-- Generated by org.testng.reporters.JUnitReportReporter -->
<testsuite hostname="Reenus-MacBook-Pro.local" name="testone" tests="1" failures="0" timestamp="12 Dec 2017 17:47:02 GMT" time="49.727" errors="0">
  <testcase name="login" time="49.727" classname="testone"/>
</testsuite> <!-- testone -->
